# JRE version: OpenJDK Runtime Environment (11.0.10) (build 11.0.10+0-b96-7249189)
# Java VM: OpenJDK 64-Bit Server VM (11.0.10+0-b96-7249189, mixed mode, tiered, compressed oops, g1 gc, windows-amd64)
Heap:
 garbage-first heap   total 506880K, used 173690K [0x0000000080000000, 0x0000000100000000)
  region size 1024K, 4 young (4096K), 4 survivors (4096K)
 Metaspace       used 104090K, capacity 106780K, committed 107212K, reserved 1142784K
  class space    used 13630K, capacity 14676K, committed 14796K, reserved 1048576K
GC Heap History (20 events):
Event: 10.543 GC heap after
{Heap after GC invocations=27 (full 0):
 garbage-first heap   total 187392K, used 94951K [0x0000000080000000, 0x0000000100000000)
  region size 1024K, 2 young (2048K), 2 survivors (2048K)
 Metaspace       used 93328K, capacity 95645K, committed 95948K, reserved 1132544K
  class space    used 12017K, capacity 12913K, committed 13004K, reserved 1048576K
}
Event: 10.779 GC heap before
{Heap before GC invocations=27 (full 0):
 garbage-first heap   total 187392K, used 138983K [0x0000000080000000, 0x0000000100000000)
  region size 1024K, 46 young (47104K), 2 survivors (2048K)
 Metaspace       used 93857K, capacity 96155K, committed 96332K, reserved 1132544K
  class space    used 12070K, capacity 12982K, committed 13132K, reserved 1048576K
}
Event: 10.784 GC heap after
{Heap after GC invocations=28 (full 0):
 garbage-first heap   total 187392K, used 98834K [0x0000000080000000, 0x0000000100000000)
  region size 1024K, 6 young (6144K), 6 survivors (6144K)
 Metaspace       used 93857K, capacity 96155K, committed 96332K, reserved 1132544K
  class space    used 12070K, capacity 12982K, committed 13132K, reserved 1048576K
}
Event: 10.866 GC heap before
{Heap before GC invocations=28 (full 0):
 garbage-first heap   total 187392K, used 141842K [0x0000000080000000, 0x0000000100000000)
  region size 1024K, 49 young (50176K), 6 survivors (6144K)
 Metaspace       used 94476K, capacity 96813K, committed 97100K, reserved 1132544K
  class space    used 12162K, capacity 13072K, committed 13132K, reserved 1048576K
}
Event: 10.872 GC heap after
{Heap after GC invocations=29 (full 0):
 garbage-first heap   total 225280K, used 111181K [0x0000000080000000, 0x0000000100000000)
  region size 1024K, 7 young (7168K), 7 survivors (7168K)
 Metaspace       used 94476K, capacity 96813K, committed 97100K, reserved 1132544K
  class space    used 12162K, capacity 13072K, committed 13132K, reserved 1048576K
}
Event: 11.128 GC heap before
{Heap before GC invocations=30 (full 0):
 garbage-first heap   total 225280K, used 166477K [0x0000000080000000, 0x0000000100000000)
  region size 1024K, 62 young (63488K), 7 survivors (7168K)
 Metaspace       used 97765K, capacity 100292K, committed 100556K, reserved 1136640K
  class space    used 12672K, capacity 13682K, committed 13772K, reserved 1048576K
}
Event: 11.134 GC heap after
{Heap after GC invocations=31 (full 0):
 garbage-first heap   total 225280K, used 118587K [0x0000000080000000, 0x0000000100000000)
  region size 1024K, 8 young (8192K), 8 survivors (8192K)
 Metaspace       used 97765K, capacity 100292K, committed 100556K, reserved 1136640K
  class space    used 12672K, capacity 13682K, committed 13772K, reserved 1048576K
}
Event: 11.262 GC heap before
{Heap before GC invocations=31 (full 0):
 garbage-first heap   total 225280K, used 169787K [0x0000000080000000, 0x0000000100000000)
  region size 1024K, 59 young (60416K), 8 survivors (8192K)
 Metaspace       used 99557K, capacity 102168K, committed 102348K, reserved 1138688K
  class space    used 12927K, capacity 13945K, committed 14028K, reserved 1048576K
}
Event: 11.279 GC heap after
{Heap after GC invocations=32 (full 0):
 garbage-first heap   total 225280K, used 125845K [0x0000000080000000, 0x0000000100000000)
  region size 1024K, 8 young (8192K), 8 survivors (8192K)
 Metaspace       used 99557K, capacity 102168K, committed 102348K, reserved 1138688K
  class space    used 12927K, capacity 13945K, committed 14028K, reserved 1048576K
}
Event: 11.426 GC heap before
{Heap before GC invocations=32 (full 0):
 garbage-first heap   total 225280K, used 174997K [0x0000000080000000, 0x0000000100000000)
  region size 1024K, 56 young (57344K), 8 survivors (8192K)
 Metaspace       used 100009K, capacity 102713K, committed 102988K, reserved 1138688K
  class space    used 12964K, capacity 14012K, committed 14156K, reserved 1048576K
}
Event: 11.440 GC heap after
{Heap after GC invocations=33 (full 0):
 garbage-first heap   total 225280K, used 135634K [0x0000000080000000, 0x0000000100000000)
  region size 1024K, 7 young (7168K), 7 survivors (7168K)
 Metaspace       used 100009K, capacity 102713K, committed 102988K, reserved 1138688K
  class space    used 12964K, capacity 14012K, committed 14156K, reserved 1048576K
}
Event: 11.502 GC heap before
{Heap before GC invocations=34 (full 0):
 garbage-first heap   total 225280K, used 178642K [0x0000000080000000, 0x0000000100000000)
  region size 1024K, 49 young (50176K), 7 survivors (7168K)
 Metaspace       used 100140K, capacity 102831K, committed 102988K, reserved 1138688K
  class space    used 12975K, capacity 14022K, committed 14156K, reserved 1048576K
}
Event: 11.518 GC heap after
{Heap after GC invocations=35 (full 0):
 garbage-first heap   total 304128K, used 145075K [0x0000000080000000, 0x0000000100000000)
  region size 1024K, 7 young (7168K), 7 survivors (7168K)
 Metaspace       used 100140K, capacity 102831K, committed 102988K, reserved 1138688K
  class space    used 12975K, capacity 14022K, committed 14156K, reserved 1048576K
}
Event: 11.525 GC heap before
{Heap before GC invocations=35 (full 0):
 garbage-first heap   total 304128K, used 152243K [0x0000000080000000, 0x0000000100000000)
  region size 1024K, 14 young (14336K), 7 survivors (7168K)
 Metaspace       used 100194K, capacity 102841K, committed 102988K, reserved 1138688K
  class space    used 12986K, capacity 14025K, committed 14156K, reserved 1048576K
}
Event: 11.531 GC heap after
{Heap after GC invocations=36 (full 0):
 garbage-first heap   total 304128K, used 147340K [0x0000000080000000, 0x0000000100000000)
  region size 1024K, 2 young (2048K), 2 survivors (2048K)
 Metaspace       used 100194K, capacity 102841K, committed 102988K, reserved 1138688K
  class space    used 12986K, capacity 14025K, committed 14156K, reserved 1048576K
}
Event: 11.604 GC heap before
{Heap before GC invocations=36 (full 0):
 garbage-first heap   total 304128K, used 212876K [0x0000000080000000, 0x0000000100000000)
  region size 1024K, 66 young (67584K), 2 survivors (2048K)
 Metaspace       used 100925K, capacity 103624K, committed 103884K, reserved 1138688K
  class space    used 13128K, capacity 14180K, committed 14284K, reserved 1048576K
}
Event: 11.614 GC heap after
{Heap after GC invocations=37 (full 0):
 garbage-first heap   total 304128K, used 158720K [0x0000000080000000, 0x0000000100000000)
  region size 1024K, 9 young (9216K), 9 survivors (9216K)
 Metaspace       used 100925K, capacity 103624K, committed 103884K, reserved 1138688K
  class space    used 13128K, capacity 14180K, committed 14284K, reserved 1048576K
}
Event: 11.732 GC heap before
{Heap before GC invocations=37 (full 0):
 garbage-first heap   total 304128K, used 223232K [0x0000000080000000, 0x0000000100000000)
  region size 1024K, 72 young (73728K), 9 survivors (9216K)
 Metaspace       used 102191K, capacity 104972K, committed 105164K, reserved 1140736K
  class space    used 13344K, capacity 14442K, committed 14540K, reserved 1048576K
}
Event: 11.746 GC heap after
{Heap after GC invocations=38 (full 0):
 garbage-first heap   total 304128K, used 168786K [0x0000000080000000, 0x0000000100000000)
  region size 1024K, 9 young (9216K), 9 survivors (9216K)
 Metaspace       used 102191K, capacity 104972K, committed 105164K, reserved 1140736K
  class space    used 13344K, capacity 14442K, committed 14540K, reserved 1048576K
}
Event: 12.067 GC heap before
{Heap before GC invocations=39 (full 0):
 garbage-first heap   total 304128K, used 230226K [0x0000000080000000, 0x0000000100000000)
  region size 1024K, 70 young (71680K), 9 survivors (9216K)
 Metaspace       used 104090K, capacity 106780K, committed 107212K, reserved 1142784K
  class space    used 13630K, capacity 14676K, committed 14796K, reserved 1048576K
}

