# JRE version: OpenJDK Runtime Environment (11.0.10) (build 11.0.10+0-b96-7249189)
# Java VM: OpenJDK 64-Bit Server VM (11.0.10+0-b96-7249189, mixed mode, tiered, compressed oops, g1 gc, windows-amd64)
Heap:
 garbage-first heap   total 624640K, used 225313K [0x0000000080000000, 0x0000000100000000)
  region size 1024K, 5 young (5120K), 5 survivors (5120K)
 Metaspace       used 143556K, capacity 148515K, committed 148696K, reserved 1177600K
  class space    used 18089K, capacity 19887K, committed 19968K, reserved 1048576K
GC Heap History (20 events):
Event: 228.538 GC heap after
{Heap after GC invocations=86 (full 0):
 garbage-first heap   total 225280K, used 164893K [0x0000000080000000, 0x0000000100000000)
  region size 1024K, 4 young (4096K), 4 survivors (4096K)
 Metaspace       used 133361K, capacity 137645K, committed 137944K, reserved 1169408K
  class space    used 16560K, capacity 18117K, committed 18176K, reserved 1048576K
}
Event: 228.758 GC heap before
{Heap before GC invocations=87 (full 0):
 garbage-first heap   total 225280K, used 190493K [0x0000000080000000, 0x0000000100000000)
  region size 1024K, 30 young (30720K), 4 survivors (4096K)
 Metaspace       used 133524K, capacity 137792K, committed 137944K, reserved 1169408K
  class space    used 16575K, capacity 18122K, committed 18176K, reserved 1048576K
}
Event: 228.764 GC heap after
{Heap after GC invocations=88 (full 0):
 garbage-first heap   total 284672K, used 165909K [0x0000000080000000, 0x0000000100000000)
  region size 1024K, 4 young (4096K), 4 survivors (4096K)
 Metaspace       used 133524K, capacity 137792K, committed 137944K, reserved 1169408K
  class space    used 16575K, capacity 18122K, committed 18176K, reserved 1048576K
}
Event: 228.878 GC heap before
{Heap before GC invocations=88 (full 0):
 garbage-first heap   total 284672K, used 174101K [0x0000000080000000, 0x0000000100000000)
  region size 1024K, 14 young (14336K), 4 survivors (4096K)
 Metaspace       used 133620K, capacity 137878K, committed 137944K, reserved 1169408K
  class space    used 16589K, capacity 18129K, committed 18176K, reserved 1048576K
}
Event: 228.891 GC heap after
{Heap after GC invocations=89 (full 0):
 garbage-first heap   total 284672K, used 148909K [0x0000000080000000, 0x0000000100000000)
  region size 1024K, 2 young (2048K), 2 survivors (2048K)
 Metaspace       used 133620K, capacity 137878K, committed 137944K, reserved 1169408K
  class space    used 16589K, capacity 18129K, committed 18176K, reserved 1048576K
}
Event: 229.363 GC heap before
{Heap before GC invocations=89 (full 0):
 garbage-first heap   total 284672K, used 211373K [0x0000000080000000, 0x0000000100000000)
  region size 1024K, 64 young (65536K), 2 survivors (2048K)
 Metaspace       used 133695K, capacity 137955K, committed 138200K, reserved 1169408K
  class space    used 16591K, capacity 18130K, committed 18176K, reserved 1048576K
}
Event: 229.368 GC heap after
{Heap after GC invocations=90 (full 0):
 garbage-first heap   total 284672K, used 149800K [0x0000000080000000, 0x0000000100000000)
  region size 1024K, 3 young (3072K), 3 survivors (3072K)
 Metaspace       used 133695K, capacity 137955K, committed 138200K, reserved 1169408K
  class space    used 16591K, capacity 18130K, committed 18176K, reserved 1048576K
}
Event: 229.641 GC heap before
{Heap before GC invocations=90 (full 0):
 garbage-first heap   total 284672K, used 215336K [0x0000000080000000, 0x0000000100000000)
  region size 1024K, 69 young (70656K), 3 survivors (3072K)
 Metaspace       used 134324K, capacity 138733K, committed 138840K, reserved 1169408K
  class space    used 16679K, capacity 18237K, committed 18304K, reserved 1048576K
}
Event: 229.648 GC heap after
{Heap after GC invocations=91 (full 0):
 garbage-first heap   total 284672K, used 161682K [0x0000000080000000, 0x0000000100000000)
  region size 1024K, 9 young (9216K), 9 survivors (9216K)
 Metaspace       used 134324K, capacity 138733K, committed 138840K, reserved 1169408K
  class space    used 16679K, capacity 18237K, committed 18304K, reserved 1048576K
}
Event: 229.895 GC heap before
{Heap before GC invocations=91 (full 0):
 garbage-first heap   total 284672K, used 221073K [0x0000000080000000, 0x0000000100000000)
  region size 1024K, 68 young (69632K), 9 survivors (9216K)
 Metaspace       used 136590K, capacity 141064K, committed 141272K, reserved 1171456K
  class space    used 17006K, capacity 18620K, committed 18688K, reserved 1048576K
}
Event: 229.911 GC heap after
{Heap after GC invocations=92 (full 0):
 garbage-first heap   total 284672K, used 171371K [0x0000000080000000, 0x0000000100000000)
  region size 1024K, 9 young (9216K), 9 survivors (9216K)
 Metaspace       used 136590K, capacity 141064K, committed 141272K, reserved 1171456K
  class space    used 17006K, capacity 18620K, committed 18688K, reserved 1048576K
}
Event: 230.146 GC heap before
{Heap before GC invocations=92 (full 0):
 garbage-first heap   total 284672K, used 224619K [0x0000000080000000, 0x0000000100000000)
  region size 1024K, 61 young (62464K), 9 survivors (9216K)
 Metaspace       used 137541K, capacity 142069K, committed 142168K, reserved 1173504K
  class space    used 17139K, capacity 18791K, committed 18816K, reserved 1048576K
}
Event: 230.163 GC heap after
{Heap after GC invocations=93 (full 0):
 garbage-first heap   total 396288K, used 178712K [0x0000000080000000, 0x0000000100000000)
  region size 1024K, 8 young (8192K), 8 survivors (8192K)
 Metaspace       used 137541K, capacity 142069K, committed 142168K, reserved 1173504K
  class space    used 17139K, capacity 18791K, committed 18816K, reserved 1048576K
}
Event: 230.409 GC heap before
{Heap before GC invocations=93 (full 0):
 garbage-first heap   total 396288K, used 264728K [0x0000000080000000, 0x0000000100000000)
  region size 1024K, 93 young (95232K), 8 survivors (8192K)
 Metaspace       used 139217K, capacity 143784K, committed 144088K, reserved 1173504K
  class space    used 17437K, capacity 19107K, committed 19200K, reserved 1048576K
}
Event: 230.433 GC heap after
{Heap after GC invocations=94 (full 0):
 garbage-first heap   total 396288K, used 195584K [0x0000000080000000, 0x0000000100000000)
  region size 1024K, 12 young (12288K), 12 survivors (12288K)
 Metaspace       used 139217K, capacity 143784K, committed 144088K, reserved 1173504K
  class space    used 17437K, capacity 19107K, committed 19200K, reserved 1048576K
}
Event: 230.704 GC heap before
{Heap before GC invocations=94 (full 0):
 garbage-first heap   total 396288K, used 285696K [0x0000000080000000, 0x0000000100000000)
  region size 1024K, 100 young (102400K), 12 survivors (12288K)
 Metaspace       used 140791K, capacity 145437K, committed 145624K, reserved 1175552K
  class space    used 17717K, capacity 19397K, committed 19456K, reserved 1048576K
}
Event: 230.727 GC heap after
{Heap after GC invocations=95 (full 0):
 garbage-first heap   total 396288K, used 209920K [0x0000000080000000, 0x0000000100000000)
  region size 1024K, 13 young (13312K), 13 survivors (13312K)
 Metaspace       used 140791K, capacity 145437K, committed 145624K, reserved 1175552K
  class space    used 17717K, capacity 19397K, committed 19456K, reserved 1048576K
}
Event: 231.045 GC heap before
{Heap before GC invocations=95 (full 0):
 garbage-first heap   total 396288K, used 299008K [0x0000000080000000, 0x0000000100000000)
  region size 1024K, 100 young (102400K), 13 survivors (13312K)
 Metaspace       used 142420K, capacity 147169K, committed 147416K, reserved 1177600K
  class space    used 17936K, capacity 19670K, committed 19712K, reserved 1048576K
}
Event: 231.064 GC heap after
{Heap after GC invocations=96 (full 0):
 garbage-first heap   total 396288K, used 220367K [0x0000000080000000, 0x0000000100000000)
  region size 1024K, 10 young (10240K), 10 survivors (10240K)
 Metaspace       used 142420K, capacity 147169K, committed 147416K, reserved 1177600K
  class space    used 17936K, capacity 19670K, committed 19712K, reserved 1048576K
}
Event: 231.458 GC heap before
{Heap before GC invocations=96 (full 0):
 garbage-first heap   total 396288K, used 307407K [0x0000000080000000, 0x0000000100000000)
  region size 1024K, 96 young (98304K), 10 survivors (10240K)
 Metaspace       used 143556K, capacity 148515K, committed 148696K, reserved 1177600K
  class space    used 18089K, capacity 19887K, committed 19968K, reserved 1048576K
}

