# JRE version: OpenJDK Runtime Environment (11.0.10) (build 11.0.10+0-b96-7249189)
# Java VM: OpenJDK 64-Bit Server VM (11.0.10+0-b96-7249189, mixed mode, tiered, compressed oops, g1 gc, windows-amd64)
Heap:
 garbage-first heap   total 704512K, used 215815K [0x0000000080000000, 0x0000000100000000)
  region size 1024K, 9 young (9216K), 9 survivors (9216K)
 Metaspace       used 119412K, capacity 123458K, committed 123648K, reserved 1157120K
  class space    used 15145K, capacity 16659K, committed 16716K, reserved 1048576K
GC Heap History (20 events):
Event: 1253.345 GC heap after
{Heap after GC invocations=104 (full 0):
 garbage-first heap   total 247808K, used 195895K [0x0000000080000000, 0x0000000100000000)
  region size 1024K, 2 young (2048K), 2 survivors (2048K)
 Metaspace       used 119102K, capacity 123071K, committed 123136K, reserved 1155072K
  class space    used 15137K, capacity 16653K, committed 16716K, reserved 1048576K
}
Event: 1253.413 GC heap before
{Heap before GC invocations=104 (full 0):
 garbage-first heap   total 247808K, used 206135K [0x0000000080000000, 0x0000000100000000)
  region size 1024K, 12 young (12288K), 2 survivors (2048K)
 Metaspace       used 119120K, capacity 123140K, committed 123392K, reserved 1157120K
  class space    used 15137K, capacity 16653K, committed 16716K, reserved 1048576K
}
Event: 1253.420 GC heap after
{Heap after GC invocations=105 (full 0):
 garbage-first heap   total 247808K, used 194139K [0x0000000080000000, 0x0000000100000000)
  region size 1024K, 2 young (2048K), 2 survivors (2048K)
 Metaspace       used 119120K, capacity 123140K, committed 123392K, reserved 1157120K
  class space    used 15137K, capacity 16653K, committed 16716K, reserved 1048576K
}
Event: 1253.469 GC heap before
{Heap before GC invocations=105 (full 0):
 garbage-first heap   total 247808K, used 208475K [0x0000000080000000, 0x0000000100000000)
  region size 1024K, 16 young (16384K), 2 survivors (2048K)
 Metaspace       used 119162K, capacity 123148K, committed 123392K, reserved 1157120K
  class space    used 15137K, capacity 16653K, committed 16716K, reserved 1048576K
}
Event: 1253.472 GC heap after
{Heap after GC invocations=106 (full 0):
 garbage-first heap   total 247808K, used 195654K [0x0000000080000000, 0x0000000100000000)
  region size 1024K, 2 young (2048K), 2 survivors (2048K)
 Metaspace       used 119162K, capacity 123148K, committed 123392K, reserved 1157120K
  class space    used 15137K, capacity 16653K, committed 16716K, reserved 1048576K
}
Event: 1253.585 GC heap before
{Heap before GC invocations=106 (full 0):
 garbage-first heap   total 247808K, used 208966K [0x0000000080000000, 0x0000000100000000)
  region size 1024K, 16 young (16384K), 2 survivors (2048K)
 Metaspace       used 119176K, capacity 123148K, committed 123392K, reserved 1157120K
  class space    used 15137K, capacity 16653K, committed 16716K, reserved 1048576K
}
Event: 1253.588 GC heap after
{Heap after GC invocations=107 (full 0):
 garbage-first heap   total 247808K, used 197127K [0x0000000080000000, 0x0000000100000000)
  region size 1024K, 2 young (2048K), 2 survivors (2048K)
 Metaspace       used 119176K, capacity 123148K, committed 123392K, reserved 1157120K
  class space    used 15137K, capacity 16653K, committed 16716K, reserved 1048576K
}
Event: 1253.698 GC heap before
{Heap before GC invocations=107 (full 0):
 garbage-first heap   total 247808K, used 202247K [0x0000000080000000, 0x0000000100000000)
  region size 1024K, 16 young (16384K), 2 survivors (2048K)
 Metaspace       used 119180K, capacity 123148K, committed 123392K, reserved 1157120K
  class space    used 15137K, capacity 16653K, committed 16716K, reserved 1048576K
}
Event: 1253.705 GC heap after
{Heap after GC invocations=108 (full 0):
 garbage-first heap   total 247808K, used 189740K [0x0000000080000000, 0x0000000100000000)
  region size 1024K, 2 young (2048K), 2 survivors (2048K)
 Metaspace       used 119180K, capacity 123148K, committed 123392K, reserved 1157120K
  class space    used 15137K, capacity 16653K, committed 16716K, reserved 1048576K
}
Event: 1253.802 GC heap before
{Heap before GC invocations=109 (full 0):
 garbage-first heap   total 247808K, used 211244K [0x0000000080000000, 0x0000000100000000)
  region size 1024K, 19 young (19456K), 2 survivors (2048K)
 Metaspace       used 119183K, capacity 123148K, committed 123392K, reserved 1157120K
  class space    used 15137K, capacity 16653K, committed 16716K, reserved 1048576K
}
Event: 1253.810 GC heap after
{Heap after GC invocations=110 (full 0):
 garbage-first heap   total 247808K, used 195743K [0x0000000080000000, 0x0000000100000000)
  region size 1024K, 3 young (3072K), 3 survivors (3072K)
 Metaspace       used 119183K, capacity 123148K, committed 123392K, reserved 1157120K
  class space    used 15137K, capacity 16653K, committed 16716K, reserved 1048576K
}
Event: 1253.821 GC heap before
{Heap before GC invocations=110 (full 0):
 garbage-first heap   total 247808K, used 204959K [0x0000000080000000, 0x0000000100000000)
  region size 1024K, 12 young (12288K), 3 survivors (3072K)
 Metaspace       used 119187K, capacity 123212K, committed 123392K, reserved 1157120K
  class space    used 15137K, capacity 16653K, committed 16716K, reserved 1048576K
}
Event: 1253.838 GC heap after
{Heap after GC invocations=111 (full 0):
 garbage-first heap   total 355328K, used 186909K [0x0000000080000000, 0x0000000100000000)
  region size 1024K, 2 young (2048K), 2 survivors (2048K)
 Metaspace       used 119187K, capacity 123212K, committed 123392K, reserved 1157120K
  class space    used 15137K, capacity 16653K, committed 16716K, reserved 1048576K
}
Event: 1254.040 GC heap before
{Heap before GC invocations=111 (full 0):
 garbage-first heap   total 355328K, used 232989K [0x0000000080000000, 0x0000000100000000)
  region size 1024K, 49 young (50176K), 2 survivors (2048K)
 Metaspace       used 119288K, capacity 123347K, committed 123648K, reserved 1157120K
  class space    used 15142K, capacity 16654K, committed 16716K, reserved 1048576K
}
Event: 1254.064 GC heap after
{Heap after GC invocations=112 (full 0):
 garbage-first heap   total 355328K, used 190074K [0x0000000080000000, 0x0000000100000000)
  region size 1024K, 6 young (6144K), 6 survivors (6144K)
 Metaspace       used 119288K, capacity 123347K, committed 123648K, reserved 1157120K
  class space    used 15142K, capacity 16654K, committed 16716K, reserved 1048576K
}
Event: 1254.633 GC heap before
{Heap before GC invocations=113 (full 0):
 garbage-first heap   total 355328K, used 206458K [0x0000000080000000, 0x0000000100000000)
  region size 1024K, 21 young (21504K), 6 survivors (6144K)
 Metaspace       used 119290K, capacity 123347K, committed 123648K, reserved 1157120K
  class space    used 15142K, capacity 16654K, committed 16716K, reserved 1048576K
}
Event: 1254.640 GC heap after
{Heap after GC invocations=114 (full 0):
 garbage-first heap   total 355328K, used 192780K [0x0000000080000000, 0x0000000100000000)
  region size 1024K, 4 young (4096K), 4 survivors (4096K)
 Metaspace       used 119290K, capacity 123347K, committed 123648K, reserved 1157120K
  class space    used 15142K, capacity 16654K, committed 16716K, reserved 1048576K
}
Event: 1255.053 GC heap before
{Heap before GC invocations=115 (full 0):
 garbage-first heap   total 355328K, used 222476K [0x0000000080000000, 0x0000000100000000)
  region size 1024K, 29 young (29696K), 4 survivors (4096K)
 Metaspace       used 119322K, capacity 123364K, committed 123648K, reserved 1157120K
  class space    used 15145K, capacity 16659K, committed 16716K, reserved 1048576K
}
Event: 1255.060 GC heap after
{Heap after GC invocations=116 (full 0):
 garbage-first heap   total 355328K, used 202740K [0x0000000080000000, 0x0000000100000000)
  region size 1024K, 8 young (8192K), 8 survivors (8192K)
 Metaspace       used 119322K, capacity 123364K, committed 123648K, reserved 1157120K
  class space    used 15145K, capacity 16659K, committed 16716K, reserved 1048576K
}
Event: 1255.593 GC heap before
{Heap before GC invocations=117 (full 0):
 garbage-first heap   total 355328K, used 259060K [0x0000000080000000, 0x0000000100000000)
  region size 1024K, 59 young (60416K), 8 survivors (8192K)
 Metaspace       used 119412K, capacity 123458K, committed 123648K, reserved 1157120K
  class space    used 15145K, capacity 16659K, committed 16716K, reserved 1048576K
}

