# JRE version: OpenJDK Runtime Environment (11.0.10) (build 11.0.10+0-b96-7249189)
# Java VM: OpenJDK 64-Bit Server VM (11.0.10+0-b96-7249189, mixed mode, tiered, compressed oops, g1 gc, windows-amd64)
Heap:
 garbage-first heap   total 616448K, used 282312K [0x0000000080000000, 0x0000000100000000)
  region size 1024K, 2 young (2048K), 2 survivors (2048K)
 Metaspace       used 133713K, capacity 137767K, committed 138060K, reserved 1169408K
  class space    used 16802K, capacity 18357K, committed 18508K, reserved 1048576K
GC Heap History (20 events):
Event: 1374.834 GC heap after
{Heap after GC invocations=90 (full 0):
 garbage-first heap   total 312320K, used 239529K [0x0000000080000000, 0x0000000100000000)
  region size 1024K, 3 young (3072K), 3 survivors (3072K)
 Metaspace       used 133325K, capacity 137327K, committed 137548K, reserved 1169408K
  class space    used 16795K, capacity 18353K, committed 18508K, reserved 1048576K
}
Event: 1374.907 GC heap before
{Heap before GC invocations=90 (full 0):
 garbage-first heap   total 312320K, used 250793K [0x0000000080000000, 0x0000000100000000)
  region size 1024K, 15 young (15360K), 3 survivors (3072K)
 Metaspace       used 133331K, capacity 137391K, committed 137548K, reserved 1169408K
  class space    used 16795K, capacity 18353K, committed 18508K, reserved 1048576K
}
Event: 1374.914 GC heap after
{Heap after GC invocations=91 (full 0):
 garbage-first heap   total 312320K, used 237115K [0x0000000080000000, 0x0000000100000000)
  region size 1024K, 2 young (2048K), 2 survivors (2048K)
 Metaspace       used 133331K, capacity 137391K, committed 137548K, reserved 1169408K
  class space    used 16795K, capacity 18353K, committed 18508K, reserved 1048576K
}
Event: 1374.997 GC heap before
{Heap before GC invocations=91 (full 0):
 garbage-first heap   total 312320K, used 259643K [0x0000000080000000, 0x0000000100000000)
  region size 1024K, 25 young (25600K), 2 survivors (2048K)
 Metaspace       used 133373K, capacity 137394K, committed 137804K, reserved 1169408K
  class space    used 16795K, capacity 18353K, committed 18508K, reserved 1048576K
}
Event: 1375.003 GC heap after
{Heap after GC invocations=92 (full 0):
 garbage-first heap   total 312320K, used 238630K [0x0000000080000000, 0x0000000100000000)
  region size 1024K, 4 young (4096K), 4 survivors (4096K)
 Metaspace       used 133373K, capacity 137394K, committed 137804K, reserved 1169408K
  class space    used 16795K, capacity 18353K, committed 18508K, reserved 1048576K
}
Event: 1375.158 GC heap before
{Heap before GC invocations=92 (full 0):
 garbage-first heap   total 312320K, used 264230K [0x0000000080000000, 0x0000000100000000)
  region size 1024K, 27 young (27648K), 4 survivors (4096K)
 Metaspace       used 133383K, capacity 137394K, committed 137804K, reserved 1169408K
  class space    used 16795K, capacity 18353K, committed 18508K, reserved 1048576K
}
Event: 1375.168 GC heap after
{Heap after GC invocations=93 (full 0):
 garbage-first heap   total 312320K, used 242896K [0x0000000080000000, 0x0000000100000000)
  region size 1024K, 4 young (4096K), 4 survivors (4096K)
 Metaspace       used 133383K, capacity 137394K, committed 137804K, reserved 1169408K
  class space    used 16795K, capacity 18353K, committed 18508K, reserved 1048576K
}
Event: 1375.285 GC heap before
{Heap before GC invocations=93 (full 0):
 garbage-first heap   total 312320K, used 259280K [0x0000000080000000, 0x0000000100000000)
  region size 1024K, 26 young (26624K), 4 survivors (4096K)
 Metaspace       used 133387K, capacity 137382K, committed 137804K, reserved 1169408K
  class space    used 16793K, capacity 18349K, committed 18508K, reserved 1048576K
}
Event: 1375.302 GC heap after
{Heap after GC invocations=94 (full 0):
 garbage-first heap   total 312320K, used 241381K [0x0000000080000000, 0x0000000100000000)
  region size 1024K, 4 young (4096K), 4 survivors (4096K)
 Metaspace       used 133387K, capacity 137382K, committed 137804K, reserved 1169408K
  class space    used 16793K, capacity 18349K, committed 18508K, reserved 1048576K
}
Event: 1375.363 GC heap before
{Heap before GC invocations=94 (full 0):
 garbage-first heap   total 312320K, used 263909K [0x0000000080000000, 0x0000000100000000)
  region size 1024K, 27 young (27648K), 4 survivors (4096K)
 Metaspace       used 133416K, capacity 137446K, committed 137804K, reserved 1169408K
  class space    used 16793K, capacity 18349K, committed 18508K, reserved 1048576K
}
Event: 1375.374 GC heap after
{Heap after GC invocations=95 (full 0):
 garbage-first heap   total 312320K, used 244241K [0x0000000080000000, 0x0000000100000000)
  region size 1024K, 4 young (4096K), 4 survivors (4096K)
 Metaspace       used 133416K, capacity 137446K, committed 137804K, reserved 1169408K
  class space    used 16793K, capacity 18349K, committed 18508K, reserved 1048576K
}
Event: 1375.430 GC heap before
{Heap before GC invocations=96 (full 0):
 garbage-first heap   total 312320K, used 265745K [0x0000000080000000, 0x0000000100000000)
  region size 1024K, 26 young (26624K), 4 survivors (4096K)
 Metaspace       used 133436K, capacity 137450K, committed 137804K, reserved 1169408K
  class space    used 16793K, capacity 18349K, committed 18508K, reserved 1048576K
}
Event: 1375.440 GC heap after
{Heap after GC invocations=97 (full 0):
 garbage-first heap   total 490496K, used 245901K [0x0000000080000000, 0x0000000100000000)
  region size 1024K, 4 young (4096K), 4 survivors (4096K)
 Metaspace       used 133436K, capacity 137450K, committed 137804K, reserved 1169408K
  class space    used 16793K, capacity 18349K, committed 18508K, reserved 1048576K
}
Event: 1375.663 GC heap before
{Heap before GC invocations=97 (full 0):
 garbage-first heap   total 490496K, used 268429K [0x0000000080000000, 0x0000000100000000)
  region size 1024K, 23 young (23552K), 4 survivors (4096K)
 Metaspace       used 133501K, capacity 137580K, committed 137804K, reserved 1169408K
  class space    used 16795K, capacity 18349K, committed 18508K, reserved 1048576K
}
Event: 1375.672 GC heap after
{Heap after GC invocations=98 (full 0):
 garbage-first heap   total 490496K, used 241186K [0x0000000080000000, 0x0000000100000000)
  region size 1024K, 3 young (3072K), 3 survivors (3072K)
 Metaspace       used 133501K, capacity 137580K, committed 137804K, reserved 1169408K
  class space    used 16795K, capacity 18349K, committed 18508K, reserved 1048576K
}
Event: 1375.924 GC heap before
{Heap before GC invocations=98 (full 0):
 garbage-first heap   total 490496K, used 251426K [0x0000000080000000, 0x0000000100000000)
  region size 1024K, 15 young (15360K), 3 survivors (3072K)
 Metaspace       used 133501K, capacity 137580K, committed 137804K, reserved 1169408K
  class space    used 16795K, capacity 18349K, committed 18508K, reserved 1048576K
}
Event: 1375.931 GC heap after
{Heap after GC invocations=99 (full 0):
 garbage-first heap   total 490496K, used 241959K [0x0000000080000000, 0x0000000100000000)
  region size 1024K, 3 young (3072K), 3 survivors (3072K)
 Metaspace       used 133501K, capacity 137580K, committed 137804K, reserved 1169408K
  class space    used 16795K, capacity 18349K, committed 18508K, reserved 1048576K
}
Event: 1377.328 GC heap before
{Heap before GC invocations=100 (full 0):
 garbage-first heap   total 490496K, used 365863K [0x0000000080000000, 0x0000000100000000)
  region size 1024K, 99 young (101376K), 3 survivors (3072K)
 Metaspace       used 133709K, capacity 137766K, committed 138060K, reserved 1169408K
  class space    used 16802K, capacity 18357K, committed 18508K, reserved 1048576K
}
Event: 1377.345 GC heap after
{Heap after GC invocations=101 (full 0):
 garbage-first heap   total 490496K, used 284157K [0x0000000080000000, 0x0000000100000000)
  region size 1024K, 13 young (13312K), 13 survivors (13312K)
 Metaspace       used 133709K, capacity 137766K, committed 138060K, reserved 1169408K
  class space    used 16802K, capacity 18357K, committed 18508K, reserved 1048576K
}
Event: 1377.491 GC heap before
{Heap before GC invocations=101 (full 0):
 garbage-first heap   total 490496K, used 294397K [0x0000000080000000, 0x0000000100000000)
  region size 1024K, 23 young (23552K), 13 survivors (13312K)
 Metaspace       used 133713K, capacity 137767K, committed 138060K, reserved 1169408K
  class space    used 16802K, capacity 18357K, committed 18508K, reserved 1048576K
}

