# JRE version: OpenJDK Runtime Environment (11.0.10) (build 11.0.10+0-b96-7249189)
# Java VM: OpenJDK 64-Bit Server VM (11.0.10+0-b96-7249189, mixed mode, tiered, compressed oops, g1 gc, windows-amd64)
Heap:
 garbage-first heap   total 421888K, used 217626K [0x0000000080000000, 0x0000000100000000)
  region size 1024K, 6 young (6144K), 3 survivors (3072K)
 Metaspace       used 100240K, capacity 102847K, committed 102988K, reserved 1138688K
  class space    used 13155K, capacity 14133K, committed 14156K, reserved 1048576K
GC Heap History (20 events):
Event: 9.534 GC heap before
{Heap before GC invocations=28 (full 0):
 garbage-first heap   total 248832K, used 192512K [0x0000000080000000, 0x0000000100000000)
  region size 1024K, 31 young (31744K), 5 survivors (5120K)
 Metaspace       used 96656K, capacity 99034K, committed 99276K, reserved 1134592K
  class space    used 12740K, capacity 13650K, committed 13772K, reserved 1048576K
}
Event: 9.547 GC heap after
{Heap after GC invocations=29 (full 0):
 garbage-first heap   total 248832K, used 176128K [0x0000000080000000, 0x0000000100000000)
  region size 1024K, 4 young (4096K), 4 survivors (4096K)
 Metaspace       used 96656K, capacity 99034K, committed 99276K, reserved 1134592K
  class space    used 12740K, capacity 13650K, committed 13772K, reserved 1048576K
}
Event: 9.706 GC heap before
{Heap before GC invocations=29 (full 0):
 garbage-first heap   total 248832K, used 198656K [0x0000000080000000, 0x0000000100000000)
  region size 1024K, 26 young (26624K), 4 survivors (4096K)
 Metaspace       used 97198K, capacity 99705K, committed 99788K, reserved 1134592K
  class space    used 12836K, capacity 13769K, committed 13772K, reserved 1048576K
}
Event: 9.713 GC heap after
{Heap after GC invocations=30 (full 0):
 garbage-first heap   total 248832K, used 180412K [0x0000000080000000, 0x0000000100000000)
  region size 1024K, 4 young (4096K), 4 survivors (4096K)
 Metaspace       used 97198K, capacity 99705K, committed 99788K, reserved 1134592K
  class space    used 12836K, capacity 13769K, committed 13772K, reserved 1048576K
}
Event: 9.870 GC heap before
{Heap before GC invocations=30 (full 0):
 garbage-first heap   total 248832K, used 201916K [0x0000000080000000, 0x0000000100000000)
  region size 1024K, 25 young (25600K), 4 survivors (4096K)
 Metaspace       used 97701K, capacity 100241K, committed 100428K, reserved 1136640K
  class space    used 12898K, capacity 13877K, committed 13900K, reserved 1048576K
}
Event: 9.876 GC heap after
{Heap after GC invocations=31 (full 0):
 garbage-first heap   total 323584K, used 182594K [0x0000000080000000, 0x0000000100000000)
  region size 1024K, 3 young (3072K), 3 survivors (3072K)
 Metaspace       used 97701K, capacity 100241K, committed 100428K, reserved 1136640K
  class space    used 12898K, capacity 13877K, committed 13900K, reserved 1048576K
}
Event: 10.017 GC heap before
{Heap before GC invocations=32 (full 0):
 garbage-first heap   total 323584K, used 190786K [0x0000000080000000, 0x0000000100000000)
  region size 1024K, 22 young (22528K), 3 survivors (3072K)
 Metaspace       used 97580K, capacity 100068K, committed 100428K, reserved 1136640K
  class space    used 12842K, capacity 13775K, committed 13900K, reserved 1048576K
}
Event: 10.024 GC heap after
{Heap after GC invocations=33 (full 0):
 garbage-first heap   total 323584K, used 174118K [0x0000000080000000, 0x0000000100000000)
  region size 1024K, 5 young (5120K), 5 survivors (5120K)
 Metaspace       used 97580K, capacity 100068K, committed 100428K, reserved 1136640K
  class space    used 12842K, capacity 13775K, committed 13900K, reserved 1048576K
}
Event: 10.631 GC heap before
{Heap before GC invocations=34 (full 0):
 garbage-first heap   total 323584K, used 238630K [0x0000000080000000, 0x0000000100000000)
  region size 1024K, 55 young (56320K), 5 survivors (5120K)
 Metaspace       used 97896K, capacity 100344K, committed 100684K, reserved 1136640K
  class space    used 12863K, capacity 13777K, committed 13900K, reserved 1048576K
}
Event: 10.643 GC heap after
{Heap after GC invocations=35 (full 0):
 garbage-first heap   total 323584K, used 191532K [0x0000000080000000, 0x0000000100000000)
  region size 1024K, 6 young (6144K), 6 survivors (6144K)
 Metaspace       used 97896K, capacity 100344K, committed 100684K, reserved 1136640K
  class space    used 12863K, capacity 13777K, committed 13900K, reserved 1048576K
}
Event: 10.704 GC heap before
{Heap before GC invocations=35 (full 0):
 garbage-first heap   total 323584K, used 199724K [0x0000000080000000, 0x0000000100000000)
  region size 1024K, 15 young (15360K), 6 survivors (6144K)
 Metaspace       used 97978K, capacity 100442K, committed 100684K, reserved 1136640K
  class space    used 12874K, capacity 13789K, committed 13900K, reserved 1048576K
}
Event: 10.713 GC heap after
{Heap after GC invocations=36 (full 0):
 garbage-first heap   total 323584K, used 190818K [0x0000000080000000, 0x0000000100000000)
  region size 1024K, 2 young (2048K), 2 survivors (2048K)
 Metaspace       used 97978K, capacity 100442K, committed 100684K, reserved 1136640K
  class space    used 12874K, capacity 13789K, committed 13900K, reserved 1048576K
}
Event: 10.749 GC heap before
{Heap before GC invocations=36 (full 0):
 garbage-first heap   total 323584K, used 194914K [0x0000000080000000, 0x0000000100000000)
  region size 1024K, 8 young (8192K), 2 survivors (2048K)
 Metaspace       used 97980K, capacity 100442K, committed 100684K, reserved 1136640K
  class space    used 12874K, capacity 13789K, committed 13900K, reserved 1048576K
}
Event: 10.753 GC heap after
{Heap after GC invocations=37 (full 0):
 garbage-first heap   total 421888K, used 191745K [0x0000000080000000, 0x0000000100000000)
  region size 1024K, 3 young (3072K), 3 survivors (3072K)
 Metaspace       used 97980K, capacity 100442K, committed 100684K, reserved 1136640K
  class space    used 12874K, capacity 13789K, committed 13900K, reserved 1048576K
}
Event: 11.035 GC heap before
{Heap before GC invocations=38 (full 0):
 garbage-first heap   total 421888K, used 255233K [0x0000000080000000, 0x0000000100000000)
  region size 1024K, 61 young (62464K), 3 survivors (3072K)
 Metaspace       used 98149K, capacity 100637K, committed 101068K, reserved 1136640K
  class space    used 12891K, capacity 13829K, committed 14028K, reserved 1048576K
}
Event: 11.046 GC heap after
{Heap after GC invocations=39 (full 0):
 garbage-first heap   total 421888K, used 206026K [0x0000000080000000, 0x0000000100000000)
  region size 1024K, 12 young (12288K), 12 survivors (12288K)
 Metaspace       used 98149K, capacity 100637K, committed 101068K, reserved 1136640K
  class space    used 12891K, capacity 13829K, committed 14028K, reserved 1048576K
}
Event: 11.395 GC heap before
{Heap before GC invocations=40 (full 0):
 garbage-first heap   total 421888K, used 256202K [0x0000000080000000, 0x0000000100000000)
  region size 1024K, 54 young (55296K), 12 survivors (12288K)
 Metaspace       used 98392K, capacity 100907K, committed 101324K, reserved 1136640K
  class space    used 12911K, capacity 13849K, committed 14028K, reserved 1048576K
}
Event: 11.400 GC heap after
{Heap after GC invocations=41 (full 0):
 garbage-first heap   total 421888K, used 207436K [0x0000000080000000, 0x0000000100000000)
  region size 1024K, 1 young (1024K), 1 survivors (1024K)
 Metaspace       used 98392K, capacity 100907K, committed 101324K, reserved 1136640K
  class space    used 12911K, capacity 13849K, committed 14028K, reserved 1048576K
}
Event: 11.805 GC heap before
{Heap before GC invocations=42 (full 0):
 garbage-first heap   total 421888K, used 248396K [0x0000000080000000, 0x0000000100000000)
  region size 1024K, 25 young (25600K), 1 survivors (1024K)
 Metaspace       used 100142K, capacity 102768K, committed 102988K, reserved 1138688K
  class space    used 13142K, capacity 14129K, committed 14156K, reserved 1048576K
}
Event: 11.810 GC heap after
{Heap after GC invocations=43 (full 0):
 garbage-first heap   total 421888K, used 209434K [0x0000000080000000, 0x0000000100000000)
  region size 1024K, 3 young (3072K), 3 survivors (3072K)
 Metaspace       used 100142K, capacity 102768K, committed 102988K, reserved 1138688K
  class space    used 13142K, capacity 14129K, committed 14156K, reserved 1048576K
}

