# JRE version: OpenJDK Runtime Environment (11.0.10) (build 11.0.10+0-b96-7249189)
# Java VM: OpenJDK 64-Bit Server VM (11.0.10+0-b96-7249189, mixed mode, tiered, compressed oops, g1 gc, windows-amd64)
Heap:
 garbage-first heap   total 187392K, used 55540K [0x0000000083000000, 0x0000000100000000)
  region size 1024K, 6 young (6144K), 6 survivors (6144K)
 Metaspace       used 63630K, capacity 64259K, committed 64548K, reserved 1105920K
  class space    used 7007K, capacity 7245K, committed 7296K, reserved 1048576K
GC Heap History (17 events):
Event: 0.697 GC heap before
{Heap before GC invocations=0 (full 0):
 garbage-first heap   total 129024K, used 27648K [0x0000000083000000, 0x0000000100000000)
  region size 1024K, 24 young (24576K), 0 survivors (0K)
 Metaspace       used 12303K, capacity 12341K, committed 12544K, reserved 1060864K
  class space    used 1156K, capacity 1174K, committed 1280K, reserved 1048576K
}
Event: 0.702 GC heap after
{Heap after GC invocations=1 (full 0):
 garbage-first heap   total 129024K, used 5875K [0x0000000083000000, 0x0000000100000000)
  region size 1024K, 3 young (3072K), 3 survivors (3072K)
 Metaspace       used 12303K, capacity 12341K, committed 12544K, reserved 1060864K
  class space    used 1156K, capacity 1174K, committed 1280K, reserved 1048576K
}
Event: 1.553 GC heap before
{Heap before GC invocations=1 (full 0):
 garbage-first heap   total 129024K, used 42739K [0x0000000083000000, 0x0000000100000000)
  region size 1024K, 40 young (40960K), 3 survivors (3072K)
 Metaspace       used 20975K, capacity 21147K, committed 21248K, reserved 1069056K
  class space    used 2215K, capacity 2278K, committed 2304K, reserved 1048576K
}
Event: 1.570 GC heap after
{Heap after GC invocations=2 (full 0):
 garbage-first heap   total 129024K, used 9523K [0x0000000083000000, 0x0000000100000000)
  region size 1024K, 7 young (7168K), 7 survivors (7168K)
 Metaspace       used 20975K, capacity 21147K, committed 21248K, reserved 1069056K
  class space    used 2215K, capacity 2278K, committed 2304K, reserved 1048576K
}
Event: 2.671 GC heap before
{Heap before GC invocations=3 (full 0):
 garbage-first heap   total 129024K, used 71987K [0x0000000083000000, 0x0000000100000000)
  region size 1024K, 56 young (57344K), 7 survivors (7168K)
 Metaspace       used 31720K, capacity 32110K, committed 32384K, reserved 1077248K
  class space    used 3954K, capacity 4114K, committed 4224K, reserved 1048576K
}
Event: 2.690 GC heap after
{Heap after GC invocations=4 (full 0):
 garbage-first heap   total 129024K, used 24218K [0x0000000083000000, 0x0000000100000000)
  region size 1024K, 7 young (7168K), 7 survivors (7168K)
 Metaspace       used 31720K, capacity 32110K, committed 32384K, reserved 1077248K
  class space    used 3954K, capacity 4114K, committed 4224K, reserved 1048576K
}
Event: 2.988 GC heap before
{Heap before GC invocations=4 (full 0):
 garbage-first heap   total 129024K, used 38554K [0x0000000083000000, 0x0000000100000000)
  region size 1024K, 22 young (22528K), 7 survivors (7168K)
 Metaspace       used 35009K, capacity 35449K, committed 35584K, reserved 1081344K
  class space    used 4321K, capacity 4502K, committed 4608K, reserved 1048576K
}
Event: 3.003 GC heap after
{Heap after GC invocations=5 (full 0):
 garbage-first heap   total 129024K, used 25727K [0x0000000083000000, 0x0000000100000000)
  region size 1024K, 2 young (2048K), 2 survivors (2048K)
 Metaspace       used 35009K, capacity 35449K, committed 35584K, reserved 1081344K
  class space    used 4321K, capacity 4502K, committed 4608K, reserved 1048576K
}
Event: 4.501 GC heap before
{Heap before GC invocations=6 (full 0):
 garbage-first heap   total 129024K, used 92287K [0x0000000083000000, 0x0000000100000000)
  region size 1024K, 66 young (67584K), 2 survivors (2048K)
 Metaspace       used 46291K, capacity 46757K, committed 46976K, reserved 1091584K
  class space    used 5459K, capacity 5643K, committed 5760K, reserved 1048576K
}
Event: 4.523 GC heap after
{Heap after GC invocations=7 (full 0):
 garbage-first heap   total 155648K, used 34129K [0x0000000083000000, 0x0000000100000000)
  region size 1024K, 9 young (9216K), 9 survivors (9216K)
 Metaspace       used 46291K, capacity 46757K, committed 46976K, reserved 1091584K
  class space    used 5459K, capacity 5643K, committed 5760K, reserved 1048576K
}
Event: 6.049 GC heap before
{Heap before GC invocations=7 (full 0):
 garbage-first heap   total 155648K, used 102737K [0x0000000083000000, 0x0000000100000000)
  region size 1024K, 76 young (77824K), 9 survivors (9216K)
 Metaspace       used 51411K, capacity 51921K, committed 52224K, reserved 1095680K
  class space    used 5879K, capacity 6079K, committed 6144K, reserved 1048576K
}
Event: 6.072 GC heap after
{Heap after GC invocations=8 (full 0):
 garbage-first heap   total 155648K, used 41915K [0x0000000083000000, 0x0000000100000000)
  region size 1024K, 9 young (9216K), 9 survivors (9216K)
 Metaspace       used 51411K, capacity 51921K, committed 52224K, reserved 1095680K
  class space    used 5879K, capacity 6079K, committed 6144K, reserved 1048576K
}
Event: 7.880 GC heap before
{Heap before GC invocations=8 (full 0):
 garbage-first heap   total 155648K, used 111547K [0x0000000083000000, 0x0000000100000000)
  region size 1024K, 77 young (78848K), 9 survivors (9216K)
 Metaspace       used 55515K, capacity 56053K, committed 56192K, reserved 1099776K
  class space    used 6269K, capacity 6473K, committed 6528K, reserved 1048576K
}
Event: 7.906 GC heap after
{Heap after GC invocations=9 (full 0):
 garbage-first heap   total 155648K, used 49987K [0x0000000083000000, 0x0000000100000000)
  region size 1024K, 8 young (8192K), 8 survivors (8192K)
 Metaspace       used 55515K, capacity 56053K, committed 56192K, reserved 1099776K
  class space    used 6269K, capacity 6473K, committed 6528K, reserved 1048576K
}
Event: 8.817 GC heap before
{Heap before GC invocations=9 (full 0):
 garbage-first heap   total 155648K, used 73539K [0x0000000083000000, 0x0000000100000000)
  region size 1024K, 32 young (32768K), 8 survivors (8192K)
 Metaspace       used 58924K, capacity 59513K, committed 59648K, reserved 1101824K
  class space    used 6558K, capacity 6794K, committed 6912K, reserved 1048576K
}
Event: 8.836 GC heap after
{Heap after GC invocations=10 (full 0):
 garbage-first heap   total 155648K, used 53240K [0x0000000083000000, 0x0000000100000000)
  region size 1024K, 3 young (3072K), 3 survivors (3072K)
 Metaspace       used 58924K, capacity 59513K, committed 59648K, reserved 1101824K
  class space    used 6558K, capacity 6794K, committed 6912K, reserved 1048576K
}
Event: 9.856 GC heap before
{Heap before GC invocations=11 (full 0):
 garbage-first heap   total 155648K, used 101368K [0x0000000083000000, 0x0000000100000000)
  region size 1024K, 50 young (51200K), 3 survivors (3072K)
 Metaspace       used 63630K, capacity 64259K, committed 64548K, reserved 1105920K
  class space    used 7007K, capacity 7245K, committed 7296K, reserved 1048576K
}

