# JRE version: OpenJDK Runtime Environment (11.0.10) (build 11.0.10+0-b96-7249189)
# Java VM: OpenJDK 64-Bit Server VM (11.0.10+0-b96-7249189, mixed mode, tiered, compressed oops, g1 gc, windows-amd64)
Heap:
 garbage-first heap   total 493568K, used 250868K [0x0000000080000000, 0x0000000100000000)
  region size 1024K, 31 young (31744K), 4 survivors (4096K)
 Metaspace       used 114448K, capacity 117521K, committed 117888K, reserved 1150976K
  class space    used 15008K, capacity 16192K, committed 16332K, reserved 1048576K
GC Heap History (20 events):
Event: 24.063 GC heap before
{Heap before GC invocations=34 (full 0):
 garbage-first heap   total 199680K, used 177538K [0x0000000080000000, 0x0000000100000000)
  region size 1024K, 9 young (9216K), 2 survivors (2048K)
 Metaspace       used 110401K, capacity 113246K, committed 113280K, reserved 1146880K
  class space    used 14667K, capacity 15803K, committed 15820K, reserved 1048576K
}
Event: 24.068 GC heap after
{Heap after GC invocations=35 (full 0):
 garbage-first heap   total 199680K, used 173949K [0x0000000080000000, 0x0000000100000000)
  region size 1024K, 2 young (2048K), 2 survivors (2048K)
 Metaspace       used 110401K, capacity 113246K, committed 113280K, reserved 1146880K
  class space    used 14667K, capacity 15803K, committed 15820K, reserved 1048576K
}
Event: 24.090 GC heap before
{Heap before GC invocations=35 (full 0):
 garbage-first heap   total 199680K, used 181117K [0x0000000080000000, 0x0000000100000000)
  region size 1024K, 9 young (9216K), 2 survivors (2048K)
 Metaspace       used 110551K, capacity 113411K, committed 113664K, reserved 1146880K
  class space    used 14690K, capacity 15837K, committed 15948K, reserved 1048576K
}
Event: 24.094 GC heap after
{Heap after GC invocations=36 (full 0):
 garbage-first heap   total 199680K, used 177477K [0x0000000080000000, 0x0000000100000000)
  region size 1024K, 2 young (2048K), 2 survivors (2048K)
 Metaspace       used 110551K, capacity 113411K, committed 113664K, reserved 1146880K
  class space    used 14690K, capacity 15837K, committed 15948K, reserved 1048576K
}
Event: 24.126 GC heap before
{Heap before GC invocations=36 (full 0):
 garbage-first heap   total 199680K, used 183621K [0x0000000080000000, 0x0000000100000000)
  region size 1024K, 9 young (9216K), 2 survivors (2048K)
 Metaspace       used 110883K, capacity 113720K, committed 113920K, reserved 1146880K
  class space    used 14728K, capacity 15853K, committed 15948K, reserved 1048576K
}
Event: 24.131 GC heap after
{Heap after GC invocations=37 (full 0):
 garbage-first heap   total 246784K, used 180779K [0x0000000080000000, 0x0000000100000000)
  region size 1024K, 2 young (2048K), 2 survivors (2048K)
 Metaspace       used 110883K, capacity 113720K, committed 113920K, reserved 1146880K
  class space    used 14728K, capacity 15853K, committed 15948K, reserved 1048576K
}
Event: 24.177 GC heap before
{Heap before GC invocations=37 (full 0):
 garbage-first heap   total 246784K, used 196139K [0x0000000080000000, 0x0000000100000000)
  region size 1024K, 18 young (18432K), 2 survivors (2048K)
 Metaspace       used 111139K, capacity 113971K, committed 114176K, reserved 1146880K
  class space    used 14761K, capacity 15894K, committed 15948K, reserved 1048576K
}
Event: 24.185 GC heap after
{Heap after GC invocations=38 (full 0):
 garbage-first heap   total 246784K, used 188639K [0x0000000080000000, 0x0000000100000000)
  region size 1024K, 3 young (3072K), 3 survivors (3072K)
 Metaspace       used 111139K, capacity 113971K, committed 114176K, reserved 1146880K
  class space    used 14761K, capacity 15894K, committed 15948K, reserved 1048576K
}
Event: 24.247 GC heap before
{Heap before GC invocations=38 (full 0):
 garbage-first heap   total 246784K, used 201951K [0x0000000080000000, 0x0000000100000000)
  region size 1024K, 16 young (16384K), 3 survivors (3072K)
 Metaspace       used 111153K, capacity 113917K, committed 114432K, reserved 1148928K
  class space    used 14702K, capacity 15768K, committed 15948K, reserved 1048576K
}
Event: 24.255 GC heap after
{Heap after GC invocations=39 (full 0):
 garbage-first heap   total 246784K, used 195219K [0x0000000080000000, 0x0000000100000000)
  region size 1024K, 2 young (2048K), 2 survivors (2048K)
 Metaspace       used 111153K, capacity 113917K, committed 114432K, reserved 1148928K
  class space    used 14702K, capacity 15768K, committed 15948K, reserved 1048576K
}
Event: 24.309 GC heap before
{Heap before GC invocations=39 (full 0):
 garbage-first heap   total 246784K, used 205459K [0x0000000080000000, 0x0000000100000000)
  region size 1024K, 13 young (13312K), 2 survivors (2048K)
 Metaspace       used 111326K, capacity 114110K, committed 114432K, reserved 1148928K
  class space    used 14727K, capacity 15789K, committed 15948K, reserved 1048576K
}
Event: 24.318 GC heap after
{Heap after GC invocations=40 (full 0):
 garbage-first heap   total 246784K, used 198816K [0x0000000080000000, 0x0000000100000000)
  region size 1024K, 2 young (2048K), 2 survivors (2048K)
 Metaspace       used 111326K, capacity 114110K, committed 114432K, reserved 1148928K
  class space    used 14727K, capacity 15789K, committed 15948K, reserved 1048576K
}
Event: 24.346 GC heap before
{Heap before GC invocations=41 (full 0):
 garbage-first heap   total 246784K, used 209056K [0x0000000080000000, 0x0000000100000000)
  region size 1024K, 12 young (12288K), 2 survivors (2048K)
 Metaspace       used 111436K, capacity 114234K, committed 114816K, reserved 1148928K
  class space    used 14737K, capacity 15830K, committed 16076K, reserved 1048576K
}
Event: 24.357 GC heap after
{Heap after GC invocations=42 (full 0):
 garbage-first heap   total 493568K, used 202737K [0x0000000080000000, 0x0000000100000000)
  region size 1024K, 2 young (2048K), 2 survivors (2048K)
 Metaspace       used 111436K, capacity 114234K, committed 114816K, reserved 1148928K
  class space    used 14737K, capacity 15830K, committed 16076K, reserved 1048576K
}
Event: 24.659 GC heap before
{Heap before GC invocations=42 (full 0):
 garbage-first heap   total 493568K, used 284657K [0x0000000080000000, 0x0000000100000000)
  region size 1024K, 83 young (84992K), 2 survivors (2048K)
 Metaspace       used 113615K, capacity 116682K, committed 116864K, reserved 1150976K
  class space    used 15023K, capacity 16230K, committed 16332K, reserved 1048576K
}
Event: 24.673 GC heap after
{Heap after GC invocations=43 (full 0):
 garbage-first heap   total 493568K, used 218034K [0x0000000080000000, 0x0000000100000000)
  region size 1024K, 11 young (11264K), 11 survivors (11264K)
 Metaspace       used 113615K, capacity 116682K, committed 116864K, reserved 1150976K
  class space    used 15023K, capacity 16230K, committed 16332K, reserved 1048576K
}
Event: 24.996 GC heap before
{Heap before GC invocations=43 (full 0):
 garbage-first heap   total 493568K, used 305074K [0x0000000080000000, 0x0000000100000000)
  region size 1024K, 95 young (97280K), 11 survivors (11264K)
 Metaspace       used 114358K, capacity 117440K, committed 117632K, reserved 1150976K
  class space    used 15040K, capacity 16251K, committed 16332K, reserved 1048576K
}
Event: 25.014 GC heap after
{Heap after GC invocations=44 (full 0):
 garbage-first heap   total 493568K, used 226380K [0x0000000080000000, 0x0000000100000000)
  region size 1024K, 10 young (10240K), 10 survivors (10240K)
 Metaspace       used 114358K, capacity 117440K, committed 117632K, reserved 1150976K
  class space    used 15040K, capacity 16251K, committed 16332K, reserved 1048576K
}
Event: 25.260 GC heap before
{Heap before GC invocations=44 (full 0):
 garbage-first heap   total 493568K, used 285772K [0x0000000080000000, 0x0000000100000000)
  region size 1024K, 65 young (66560K), 10 survivors (10240K)
 Metaspace       used 114544K, capacity 117654K, committed 117888K, reserved 1150976K
  class space    used 15047K, capacity 16262K, committed 16332K, reserved 1048576K
}
Event: 25.271 GC heap after
{Heap after GC invocations=45 (full 0):
 garbage-first heap   total 493568K, used 230388K [0x0000000080000000, 0x0000000100000000)
  region size 1024K, 4 young (4096K), 4 survivors (4096K)
 Metaspace       used 114544K, capacity 117654K, committed 117888K, reserved 1150976K
  class space    used 15047K, capacity 16262K, committed 16332K, reserved 1048576K
}

