# JRE version: OpenJDK Runtime Environment (11.0.10) (build 11.0.10+0-b96-7249189)
# Java VM: OpenJDK 64-Bit Server VM (11.0.10+0-b96-7249189, mixed mode, tiered, compressed oops, g1 gc, windows-amd64)
Heap:
 garbage-first heap   total 731136K, used 250599K [0x0000000080000000, 0x0000000100000000)
  region size 1024K, 8 young (8192K), 8 survivors (8192K)
 Metaspace       used 133883K, capacity 138368K, committed 138572K, reserved 1169408K
  class space    used 16728K, capacity 18407K, committed 18508K, reserved 1048576K
GC Heap History (20 events):
Event: 857.753 GC heap after
{Heap after GC invocations=161 (full 0):
 garbage-first heap   total 236544K, used 190141K [0x0000000080000000, 0x0000000100000000)
  region size 1024K, 2 young (2048K), 2 survivors (2048K)
 Metaspace       used 133333K, capacity 137730K, committed 137932K, reserved 1169408K
  class space    used 16673K, capacity 18332K, committed 18380K, reserved 1048576K
}
Event: 857.773 GC heap before
{Heap before GC invocations=161 (full 0):
 garbage-first heap   total 236544K, used 199357K [0x0000000080000000, 0x0000000100000000)
  region size 1024K, 11 young (11264K), 2 survivors (2048K)
 Metaspace       used 133338K, capacity 137730K, committed 137932K, reserved 1169408K
  class space    used 16673K, capacity 18332K, committed 18380K, reserved 1048576K
}
Event: 857.780 GC heap after
{Heap after GC invocations=162 (full 0):
 garbage-first heap   total 236544K, used 195380K [0x0000000080000000, 0x0000000100000000)
  region size 1024K, 2 young (2048K), 2 survivors (2048K)
 Metaspace       used 133338K, capacity 137730K, committed 137932K, reserved 1169408K
  class space    used 16673K, capacity 18332K, committed 18380K, reserved 1048576K
}
Event: 857.816 GC heap before
{Heap before GC invocations=162 (full 0):
 garbage-first heap   total 236544K, used 204596K [0x0000000080000000, 0x0000000100000000)
  region size 1024K, 11 young (11264K), 2 survivors (2048K)
 Metaspace       used 133347K, capacity 137732K, committed 137932K, reserved 1169408K
  class space    used 16673K, capacity 18332K, committed 18380K, reserved 1048576K
}
Event: 857.821 GC heap after
{Heap after GC invocations=163 (full 0):
 garbage-first heap   total 236544K, used 200481K [0x0000000080000000, 0x0000000100000000)
  region size 1024K, 2 young (2048K), 2 survivors (2048K)
 Metaspace       used 133347K, capacity 137732K, committed 137932K, reserved 1169408K
  class space    used 16673K, capacity 18332K, committed 18380K, reserved 1048576K
}
Event: 857.851 GC heap before
{Heap before GC invocations=163 (full 0):
 garbage-first heap   total 236544K, used 209697K [0x0000000080000000, 0x0000000100000000)
  region size 1024K, 11 young (11264K), 2 survivors (2048K)
 Metaspace       used 133349K, capacity 137732K, committed 137932K, reserved 1169408K
  class space    used 16673K, capacity 18332K, committed 18380K, reserved 1048576K
}
Event: 857.856 GC heap after
{Heap after GC invocations=164 (full 0):
 garbage-first heap   total 236544K, used 205375K [0x0000000080000000, 0x0000000100000000)
  region size 1024K, 2 young (2048K), 2 survivors (2048K)
 Metaspace       used 133349K, capacity 137732K, committed 137932K, reserved 1169408K
  class space    used 16673K, capacity 18332K, committed 18380K, reserved 1048576K
}
Event: 857.883 GC heap before
{Heap before GC invocations=164 (full 0):
 garbage-first heap   total 236544K, used 214591K [0x0000000080000000, 0x0000000100000000)
  region size 1024K, 11 young (11264K), 2 survivors (2048K)
 Metaspace       used 133351K, capacity 137732K, committed 137932K, reserved 1169408K
  class space    used 16673K, capacity 18332K, committed 18380K, reserved 1048576K
}
Event: 857.889 GC heap after
{Heap after GC invocations=165 (full 0):
 garbage-first heap   total 236544K, used 209920K [0x0000000080000000, 0x0000000100000000)
  region size 1024K, 2 young (2048K), 2 survivors (2048K)
 Metaspace       used 133351K, capacity 137732K, committed 137932K, reserved 1169408K
  class space    used 16673K, capacity 18332K, committed 18380K, reserved 1048576K
}
Event: 857.918 GC heap before
{Heap before GC invocations=165 (full 0):
 garbage-first heap   total 236544K, used 218112K [0x0000000080000000, 0x0000000100000000)
  region size 1024K, 11 young (11264K), 2 survivors (2048K)
 Metaspace       used 133352K, capacity 137732K, committed 137932K, reserved 1169408K
  class space    used 16673K, capacity 18332K, committed 18380K, reserved 1048576K
}
Event: 857.923 GC heap after
{Heap after GC invocations=166 (full 0):
 garbage-first heap   total 236544K, used 215040K [0x0000000080000000, 0x0000000100000000)
  region size 1024K, 2 young (2048K), 2 survivors (2048K)
 Metaspace       used 133352K, capacity 137732K, committed 137932K, reserved 1169408K
  class space    used 16673K, capacity 18332K, committed 18380K, reserved 1048576K
}
Event: 857.954 GC heap before
{Heap before GC invocations=166 (full 0):
 garbage-first heap   total 236544K, used 224256K [0x0000000080000000, 0x0000000100000000)
  region size 1024K, 11 young (11264K), 2 survivors (2048K)
 Metaspace       used 133360K, capacity 137732K, committed 137932K, reserved 1169408K
  class space    used 16673K, capacity 18332K, committed 18380K, reserved 1048576K
}
Event: 857.962 GC heap after
{Heap after GC invocations=167 (full 0):
 garbage-first heap   total 389120K, used 219901K [0x0000000080000000, 0x0000000100000000)
  region size 1024K, 2 young (2048K), 2 survivors (2048K)
 Metaspace       used 133360K, capacity 137732K, committed 137932K, reserved 1169408K
  class space    used 16673K, capacity 18332K, committed 18380K, reserved 1048576K
}
Event: 858.300 GC heap before
{Heap before GC invocations=168 (full 0):
 garbage-first heap   total 389120K, used 274173K [0x0000000080000000, 0x0000000100000000)
  region size 1024K, 55 young (56320K), 2 survivors (2048K)
 Metaspace       used 133592K, capacity 138012K, committed 138188K, reserved 1169408K
  class space    used 16691K, capacity 18357K, committed 18380K, reserved 1048576K
}
Event: 858.313 GC heap after
{Heap after GC invocations=169 (full 0):
 garbage-first heap   total 389120K, used 234085K [0x0000000080000000, 0x0000000100000000)
  region size 1024K, 7 young (7168K), 7 survivors (7168K)
 Metaspace       used 133592K, capacity 138012K, committed 138188K, reserved 1169408K
  class space    used 16691K, capacity 18357K, committed 18380K, reserved 1048576K
}
Event: 858.564 GC heap before
{Heap before GC invocations=169 (full 0):
 garbage-first heap   total 389120K, used 286309K [0x0000000080000000, 0x0000000100000000)
  region size 1024K, 58 young (59392K), 7 survivors (7168K)
 Metaspace       used 133634K, capacity 138078K, committed 138188K, reserved 1169408K
  class space    used 16691K, capacity 18357K, committed 18380K, reserved 1048576K
}
Event: 858.577 GC heap after
{Heap after GC invocations=170 (full 0):
 garbage-first heap   total 389120K, used 240816K [0x0000000080000000, 0x0000000100000000)
  region size 1024K, 6 young (6144K), 6 survivors (6144K)
 Metaspace       used 133634K, capacity 138078K, committed 138188K, reserved 1169408K
  class space    used 16691K, capacity 18357K, committed 18380K, reserved 1048576K
}
Event: 858.721 GC heap before
{Heap before GC invocations=170 (full 0):
 garbage-first heap   total 389120K, used 295088K [0x0000000080000000, 0x0000000100000000)
  region size 1024K, 58 young (59392K), 6 survivors (6144K)
 Metaspace       used 133664K, capacity 138078K, committed 138188K, reserved 1169408K
  class space    used 16691K, capacity 18357K, committed 18380K, reserved 1048576K
}
Event: 858.734 GC heap after
{Heap after GC invocations=171 (full 0):
 garbage-first heap   total 389120K, used 249703K [0x0000000080000000, 0x0000000100000000)
  region size 1024K, 8 young (8192K), 8 survivors (8192K)
 Metaspace       used 133664K, capacity 138078K, committed 138188K, reserved 1169408K
  class space    used 16691K, capacity 18357K, committed 18380K, reserved 1048576K
}
Event: 858.992 GC heap before
{Heap before GC invocations=171 (full 0):
 garbage-first heap   total 389120K, used 301927K [0x0000000080000000, 0x0000000100000000)
  region size 1024K, 59 young (60416K), 8 survivors (8192K)
 Metaspace       used 133883K, capacity 138368K, committed 138572K, reserved 1169408K
  class space    used 16728K, capacity 18407K, committed 18508K, reserved 1048576K
}

