# JRE version: OpenJDK Runtime Environment (11.0.10) (build 11.0.10+0-b96-7249189)
# Java VM: OpenJDK 64-Bit Server VM (11.0.10+0-b96-7249189, mixed mode, tiered, compressed oops, g1 gc, windows-amd64)
Heap:
 garbage-first heap   total 563200K, used 238564K [0x0000000080000000, 0x0000000100000000)
  region size 1024K, 5 young (5120K), 2 survivors (2048K)
 Metaspace       used 232789K, capacity 240223K, committed 240332K, reserved 1257472K
  class space    used 30096K, capacity 32649K, committed 32716K, reserved 1048576K
GC Heap History (20 events):
Event: 2212.333 GC heap before
{Heap before GC invocations=95 (full 0):
 garbage-first heap   total 563200K, used 232940K [0x0000000080000000, 0x0000000100000000)
  region size 1024K, 27 young (27648K), 9 survivors (9216K)
 Metaspace       used 204961K, capacity 211696K, committed 211916K, reserved 1232896K
  class space    used 26292K, capacity 28599K, committed 28620K, reserved 1048576K
}
Event: 2212.341 GC heap after
{Heap after GC invocations=96 (full 0):
 garbage-first heap   total 563200K, used 213641K [0x0000000080000000, 0x0000000100000000)
  region size 1024K, 4 young (4096K), 4 survivors (4096K)
 Metaspace       used 204961K, capacity 211696K, committed 211916K, reserved 1232896K
  class space    used 26292K, capacity 28599K, committed 28620K, reserved 1048576K
}
Event: 2213.457 GC heap before
{Heap before GC invocations=96 (full 0):
 garbage-first heap   total 563200K, used 446089K [0x0000000080000000, 0x0000000100000000)
  region size 1024K, 231 young (236544K), 4 survivors (4096K)
 Metaspace       used 205003K, capacity 211696K, committed 211916K, reserved 1232896K
  class space    used 26293K, capacity 28599K, committed 28620K, reserved 1048576K
}
Event: 2213.463 GC heap after
{Heap after GC invocations=97 (full 0):
 garbage-first heap   total 563200K, used 213460K [0x0000000080000000, 0x0000000100000000)
  region size 1024K, 4 young (4096K), 4 survivors (4096K)
 Metaspace       used 205003K, capacity 211696K, committed 211916K, reserved 1232896K
  class space    used 26293K, capacity 28599K, committed 28620K, reserved 1048576K
}
Event: 2261.867 GC heap before
{Heap before GC invocations=98 (full 0):
 garbage-first heap   total 563200K, used 487892K [0x0000000080000000, 0x0000000100000000)
  region size 1024K, 240 young (245760K), 4 survivors (4096K)
 Metaspace       used 217143K, capacity 224187K, committed 224460K, reserved 1243136K
  class space    used 27853K, capacity 30287K, committed 30412K, reserved 1048576K
}
Event: 2261.877 GC heap after
{Heap after GC invocations=99 (full 0):
 garbage-first heap   total 563200K, used 217080K [0x0000000080000000, 0x0000000100000000)
  region size 1024K, 12 young (12288K), 12 survivors (12288K)
 Metaspace       used 217143K, capacity 224187K, committed 224460K, reserved 1243136K
  class space    used 27853K, capacity 30287K, committed 30412K, reserved 1048576K
}
Event: 2262.039 GC heap before
{Heap before GC invocations=99 (full 0):
 garbage-first heap   total 563200K, used 232440K [0x0000000080000000, 0x0000000100000000)
  region size 1024K, 27 young (27648K), 12 survivors (12288K)
 Metaspace       used 219019K, capacity 226082K, committed 226252K, reserved 1245184K
  class space    used 28131K, capacity 30555K, committed 30668K, reserved 1048576K
}
Event: 2262.050 GC heap after
{Heap after GC invocations=100 (full 0):
 garbage-first heap   total 563200K, used 210775K [0x0000000080000000, 0x0000000100000000)
  region size 1024K, 2 young (2048K), 2 survivors (2048K)
 Metaspace       used 219019K, capacity 226082K, committed 226252K, reserved 1245184K
  class space    used 28131K, capacity 30555K, committed 30668K, reserved 1048576K
}
Event: 2265.580 GC heap before
{Heap before GC invocations=100 (full 0):
 garbage-first heap   total 563200K, used 406359K [0x0000000080000000, 0x0000000100000000)
  region size 1024K, 194 young (198656K), 2 survivors (2048K)
 Metaspace       used 231453K, capacity 238897K, committed 239180K, reserved 1255424K
  class space    used 29983K, capacity 32555K, committed 32588K, reserved 1048576K
}
Event: 2265.604 GC heap after
{Heap after GC invocations=101 (full 0):
 garbage-first heap   total 563200K, used 223971K [0x0000000080000000, 0x0000000100000000)
  region size 1024K, 15 young (15360K), 15 survivors (15360K)
 Metaspace       used 231453K, capacity 238897K, committed 239180K, reserved 1255424K
  class space    used 29983K, capacity 32555K, committed 32588K, reserved 1048576K
}
Event: 2267.101 GC heap before
{Heap before GC invocations=102 (full 0):
 garbage-first heap   total 563200K, used 465635K [0x0000000080000000, 0x0000000100000000)
  region size 1024K, 242 young (247808K), 15 survivors (15360K)
 Metaspace       used 232486K, capacity 239909K, committed 240076K, reserved 1257472K
  class space    used 30074K, capacity 32652K, committed 32716K, reserved 1048576K
}
Event: 2267.121 GC heap after
{Heap after GC invocations=103 (full 0):
 garbage-first heap   total 563200K, used 238477K [0x0000000080000000, 0x0000000100000000)
  region size 1024K, 29 young (29696K), 29 survivors (29696K)
 Metaspace       used 232486K, capacity 239909K, committed 240076K, reserved 1257472K
  class space    used 30074K, capacity 32652K, committed 32716K, reserved 1048576K
}
Event: 2267.123 GC heap before
{Heap before GC invocations=103 (full 0):
 garbage-first heap   total 563200K, used 239501K [0x0000000080000000, 0x0000000100000000)
  region size 1024K, 30 young (30720K), 29 survivors (29696K)
 Metaspace       used 232487K, capacity 239909K, committed 240076K, reserved 1257472K
  class space    used 30074K, capacity 32652K, committed 32716K, reserved 1048576K
}
Event: 2267.153 GC heap after
{Heap after GC invocations=104 (full 0):
 garbage-first heap   total 563200K, used 231416K [0x0000000080000000, 0x0000000100000000)
  region size 1024K, 3 young (3072K), 3 survivors (3072K)
 Metaspace       used 232487K, capacity 239909K, committed 240076K, reserved 1257472K
  class space    used 30074K, capacity 32652K, committed 32716K, reserved 1048576K
}
Event: 2267.588 GC heap before
{Heap before GC invocations=104 (full 0):
 garbage-first heap   total 563200K, used 460792K [0x0000000080000000, 0x0000000100000000)
  region size 1024K, 227 young (232448K), 3 survivors (3072K)
 Metaspace       used 232545K, capacity 239973K, committed 240076K, reserved 1257472K
  class space    used 30074K, capacity 32652K, committed 32716K, reserved 1048576K
}
Event: 2267.597 GC heap after
{Heap after GC invocations=105 (full 0):
 garbage-first heap   total 563200K, used 230596K [0x0000000080000000, 0x0000000100000000)
  region size 1024K, 3 young (3072K), 3 survivors (3072K)
 Metaspace       used 232545K, capacity 239973K, committed 240076K, reserved 1257472K
  class space    used 30074K, capacity 32652K, committed 32716K, reserved 1048576K
}
Event: 2268.271 GC heap before
{Heap before GC invocations=106 (full 0):
 garbage-first heap   total 563200K, used 466116K [0x0000000080000000, 0x0000000100000000)
  region size 1024K, 233 young (238592K), 3 survivors (3072K)
 Metaspace       used 232713K, capacity 240055K, committed 240332K, reserved 1257472K
  class space    used 30089K, capacity 32615K, committed 32716K, reserved 1048576K
}
Event: 2268.277 GC heap after
{Heap after GC invocations=107 (full 0):
 garbage-first heap   total 563200K, used 237033K [0x0000000080000000, 0x0000000100000000)
  region size 1024K, 9 young (9216K), 9 survivors (9216K)
 Metaspace       used 232713K, capacity 240055K, committed 240332K, reserved 1257472K
  class space    used 30089K, capacity 32615K, committed 32716K, reserved 1048576K
}
Event: 2268.307 GC heap before
{Heap before GC invocations=107 (full 0):
 garbage-first heap   total 563200K, used 255465K [0x0000000080000000, 0x0000000100000000)
  region size 1024K, 27 young (27648K), 9 survivors (9216K)
 Metaspace       used 232713K, capacity 240055K, committed 240332K, reserved 1257472K
  class space    used 30089K, capacity 32615K, committed 32716K, reserved 1048576K
}
Event: 2268.314 GC heap after
{Heap after GC invocations=108 (full 0):
 garbage-first heap   total 563200K, used 234062K [0x0000000080000000, 0x0000000100000000)
  region size 1024K, 1 young (1024K), 1 survivors (1024K)
 Metaspace       used 232713K, capacity 240055K, committed 240332K, reserved 1257472K
  class space    used 30089K, capacity 32615K, committed 32716K, reserved 1048576K
}

