# JRE version: OpenJDK Runtime Environment (11.0.10) (build 11.0.10+0-b96-7249189)
# Java VM: OpenJDK 64-Bit Server VM (11.0.10+0-b96-7249189, mixed mode, tiered, compressed oops, g1 gc, windows-amd64)
Heap:
 garbage-first heap   total 477184K, used 240640K [0x0000000080000000, 0x0000000100000000)
  region size 1024K, 30 young (30720K), 13 survivors (13312K)
 Metaspace       used 108188K, capacity 111093K, committed 111232K, reserved 1144832K
  class space    used 13870K, capacity 14943K, committed 15052K, reserved 1048576K
GC Heap History (20 events):
Event: 13.417 GC heap before
{Heap before GC invocations=33 (full 0):
 garbage-first heap   total 225280K, used 161238K [0x0000000080000000, 0x0000000100000000)
  region size 1024K, 60 young (61440K), 1 survivors (1024K)
 Metaspace       used 97669K, capacity 100083K, committed 100608K, reserved 1136640K
  class space    used 12304K, capacity 13219K, committed 13388K, reserved 1048576K
}
Event: 13.421 GC heap after
{Heap after GC invocations=34 (full 0):
 garbage-first heap   total 225280K, used 103585K [0x0000000080000000, 0x0000000100000000)
  region size 1024K, 3 young (3072K), 3 survivors (3072K)
 Metaspace       used 97669K, capacity 100083K, committed 100608K, reserved 1136640K
  class space    used 12304K, capacity 13219K, committed 13388K, reserved 1048576K
}
Event: 13.866 GC heap before
{Heap before GC invocations=34 (full 0):
 garbage-first heap   total 225280K, used 165025K [0x0000000080000000, 0x0000000100000000)
  region size 1024K, 64 young (65536K), 3 survivors (3072K)
 Metaspace       used 98390K, capacity 100837K, committed 101120K, reserved 1136640K
  class space    used 12353K, capacity 13259K, committed 13388K, reserved 1048576K
}
Event: 13.872 GC heap after
{Heap after GC invocations=35 (full 0):
 garbage-first heap   total 225280K, used 108855K [0x0000000080000000, 0x0000000100000000)
  region size 1024K, 8 young (8192K), 8 survivors (8192K)
 Metaspace       used 98390K, capacity 100837K, committed 101120K, reserved 1136640K
  class space    used 12353K, capacity 13259K, committed 13388K, reserved 1048576K
}
Event: 14.156 GC heap before
{Heap before GC invocations=35 (full 0):
 garbage-first heap   total 225280K, used 146743K [0x0000000080000000, 0x0000000100000000)
  region size 1024K, 47 young (48128K), 8 survivors (8192K)
 Metaspace       used 98829K, capacity 101302K, committed 101504K, reserved 1136640K
  class space    used 12396K, capacity 13315K, committed 13516K, reserved 1048576K
}
Event: 14.166 GC heap after
{Heap after GC invocations=36 (full 0):
 garbage-first heap   total 225280K, used 111235K [0x0000000080000000, 0x0000000100000000)
  region size 1024K, 4 young (4096K), 4 survivors (4096K)
 Metaspace       used 98829K, capacity 101302K, committed 101504K, reserved 1136640K
  class space    used 12396K, capacity 13315K, committed 13516K, reserved 1048576K
}
Event: 14.618 GC heap before
{Heap before GC invocations=37 (full 0):
 garbage-first heap   total 225280K, used 182915K [0x0000000080000000, 0x0000000100000000)
  region size 1024K, 65 young (66560K), 4 survivors (4096K)
 Metaspace       used 101444K, capacity 103887K, committed 104064K, reserved 1140736K
  class space    used 12756K, capacity 13665K, committed 13772K, reserved 1048576K
}
Event: 14.625 GC heap after
{Heap after GC invocations=38 (full 0):
 garbage-first heap   total 225280K, used 130408K [0x0000000080000000, 0x0000000100000000)
  region size 1024K, 9 young (9216K), 9 survivors (9216K)
 Metaspace       used 101444K, capacity 103887K, committed 104064K, reserved 1140736K
  class space    used 12756K, capacity 13665K, committed 13772K, reserved 1048576K
}
Event: 14.641 GC heap before
{Heap before GC invocations=38 (full 0):
 garbage-first heap   total 225280K, used 132456K [0x0000000080000000, 0x0000000100000000)
  region size 1024K, 11 young (11264K), 9 survivors (9216K)
 Metaspace       used 101682K, capacity 104120K, committed 104320K, reserved 1140736K
  class space    used 12788K, capacity 13699K, committed 13772K, reserved 1048576K
}
Event: 14.647 GC heap after
{Heap after GC invocations=39 (full 0):
 garbage-first heap   total 270336K, used 122118K [0x0000000080000000, 0x0000000100000000)
  region size 1024K, 1 young (1024K), 1 survivors (1024K)
 Metaspace       used 101682K, capacity 104120K, committed 104320K, reserved 1140736K
  class space    used 12788K, capacity 13699K, committed 13772K, reserved 1048576K
}
Event: 15.083 GC heap before
{Heap before GC invocations=39 (full 0):
 garbage-first heap   total 270336K, used 223494K [0x0000000080000000, 0x0000000100000000)
  region size 1024K, 79 young (80896K), 1 survivors (1024K)
 Metaspace       used 104792K, capacity 107486K, committed 107520K, reserved 1142784K
  class space    used 13404K, capacity 14378K, committed 14412K, reserved 1048576K
}
Event: 15.129 GC heap after
{Heap after GC invocations=40 (full 0):
 garbage-first heap   total 270336K, used 161269K [0x0000000080000000, 0x0000000100000000)
  region size 1024K, 10 young (10240K), 10 survivors (10240K)
 Metaspace       used 104792K, capacity 107486K, committed 107520K, reserved 1142784K
  class space    used 13404K, capacity 14378K, committed 14412K, reserved 1048576K
}
Event: 15.406 GC heap before
{Heap before GC invocations=41 (full 0):
 garbage-first heap   total 270336K, used 211445K [0x0000000080000000, 0x0000000100000000)
  region size 1024K, 60 young (61440K), 10 survivors (10240K)
 Metaspace       used 105196K, capacity 107845K, committed 108160K, reserved 1142784K
  class space    used 13425K, capacity 14407K, committed 14540K, reserved 1048576K
}
Event: 15.431 GC heap after
{Heap after GC invocations=42 (full 0):
 garbage-first heap   total 270336K, used 187195K [0x0000000080000000, 0x0000000100000000)
  region size 1024K, 8 young (8192K), 8 survivors (8192K)
 Metaspace       used 105196K, capacity 107845K, committed 108160K, reserved 1142784K
  class space    used 13425K, capacity 14407K, committed 14540K, reserved 1048576K
}
Event: 15.441 GC heap before
{Heap before GC invocations=42 (full 0):
 garbage-first heap   total 270336K, used 192315K [0x0000000080000000, 0x0000000100000000)
  region size 1024K, 13 young (13312K), 8 survivors (8192K)
 Metaspace       used 105196K, capacity 107845K, committed 108160K, reserved 1142784K
  class space    used 13425K, capacity 14407K, committed 14540K, reserved 1048576K
}
Event: 15.450 GC heap after
{Heap after GC invocations=43 (full 0):
 garbage-first heap   total 270336K, used 189440K [0x0000000080000000, 0x0000000100000000)
  region size 1024K, 2 young (2048K), 2 survivors (2048K)
 Metaspace       used 105196K, capacity 107845K, committed 108160K, reserved 1142784K
  class space    used 13425K, capacity 14407K, committed 14540K, reserved 1048576K
}
Event: 15.500 GC heap before
{Heap before GC invocations=43 (full 0):
 garbage-first heap   total 270336K, used 218112K [0x0000000080000000, 0x0000000100000000)
  region size 1024K, 30 young (30720K), 2 survivors (2048K)
 Metaspace       used 105199K, capacity 107845K, committed 108160K, reserved 1142784K
  class space    used 13425K, capacity 14407K, committed 14540K, reserved 1048576K
}
Event: 15.515 GC heap after
{Heap after GC invocations=44 (full 0):
 garbage-first heap   total 477184K, used 204436K [0x0000000080000000, 0x0000000100000000)
  region size 1024K, 4 young (4096K), 4 survivors (4096K)
 Metaspace       used 105199K, capacity 107845K, committed 108160K, reserved 1142784K
  class space    used 13425K, capacity 14407K, committed 14540K, reserved 1048576K
}
Event: 16.184 GC heap before
{Heap before GC invocations=44 (full 0):
 garbage-first heap   total 477184K, used 299668K [0x0000000080000000, 0x0000000100000000)
  region size 1024K, 98 young (100352K), 4 survivors (4096K)
 Metaspace       used 107925K, capacity 110854K, committed 110976K, reserved 1144832K
  class space    used 13846K, capacity 14933K, committed 15052K, reserved 1048576K
}
Event: 16.205 GC heap after
{Heap after GC invocations=45 (full 0):
 garbage-first heap   total 477184K, used 224256K [0x0000000080000000, 0x0000000100000000)
  region size 1024K, 13 young (13312K), 13 survivors (13312K)
 Metaspace       used 107925K, capacity 110854K, committed 110976K, reserved 1144832K
  class space    used 13846K, capacity 14933K, committed 15052K, reserved 1048576K
}

