# JRE version: OpenJDK Runtime Environment (11.0.10) (build 11.0.10+0-b96-7249189)
# Java VM: OpenJDK 64-Bit Server VM (11.0.10+0-b96-7249189, mixed mode, tiered, compressed oops, g1 gc, windows-amd64)
Heap:
 garbage-first heap   total 324608K, used 188609K [0x0000000080000000, 0x0000000100000000)
  region size 1024K, 3 young (3072K), 3 survivors (3072K)
 Metaspace       used 138550K, capacity 142380K, committed 142508K, reserved 1173504K
  class space    used 17202K, capacity 18593K, committed 18688K, reserved 1048576K
GC Heap History (20 events):
Event: 415.175 GC heap after
{Heap after GC invocations=82 (full 0):
 garbage-first heap   total 270336K, used 154474K [0x0000000080000000, 0x0000000100000000)
  region size 1024K, 6 young (6144K), 6 survivors (6144K)
 Metaspace       used 129320K, capacity 132634K, committed 132780K, reserved 1165312K
  class space    used 15897K, capacity 17055K, committed 17152K, reserved 1048576K
}
Event: 415.210 GC heap before
{Heap before GC invocations=82 (full 0):
 garbage-first heap   total 270336K, used 160618K [0x0000000080000000, 0x0000000100000000)
  region size 1024K, 13 young (13312K), 6 survivors (6144K)
 Metaspace       used 129339K, capacity 132698K, committed 133036K, reserved 1165312K
  class space    used 15897K, capacity 17055K, committed 17152K, reserved 1048576K
}
Event: 415.217 GC heap after
{Heap after GC invocations=83 (full 0):
 garbage-first heap   total 270336K, used 138027K [0x0000000080000000, 0x0000000100000000)
  region size 1024K, 1 young (1024K), 1 survivors (1024K)
 Metaspace       used 129339K, capacity 132698K, committed 133036K, reserved 1165312K
  class space    used 15897K, capacity 17055K, committed 17152K, reserved 1048576K
}
Event: 415.688 GC heap before
{Heap before GC invocations=83 (full 0):
 garbage-first heap   total 270336K, used 207659K [0x0000000080000000, 0x0000000100000000)
  region size 1024K, 70 young (71680K), 1 survivors (1024K)
 Metaspace       used 129395K, capacity 132704K, committed 133036K, reserved 1165312K
  class space    used 15898K, capacity 17056K, committed 17152K, reserved 1048576K
}
Event: 415.692 GC heap after
{Heap after GC invocations=84 (full 0):
 garbage-first heap   total 270336K, used 138090K [0x0000000080000000, 0x0000000100000000)
  region size 1024K, 2 young (2048K), 2 survivors (2048K)
 Metaspace       used 129395K, capacity 132704K, committed 133036K, reserved 1165312K
  class space    used 15898K, capacity 17056K, committed 17152K, reserved 1048576K
}
Event: 418.417 GC heap before
{Heap before GC invocations=85 (full 0):
 garbage-first heap   total 270336K, used 210794K [0x0000000080000000, 0x0000000100000000)
  region size 1024K, 74 young (75776K), 2 survivors (2048K)
 Metaspace       used 130149K, capacity 133548K, committed 133804K, reserved 1165312K
  class space    used 15947K, capacity 17136K, committed 17152K, reserved 1048576K
}
Event: 418.423 GC heap after
{Heap after GC invocations=86 (full 0):
 garbage-first heap   total 270336K, used 139130K [0x0000000080000000, 0x0000000100000000)
  region size 1024K, 3 young (3072K), 3 survivors (3072K)
 Metaspace       used 130149K, capacity 133548K, committed 133804K, reserved 1165312K
  class space    used 15947K, capacity 17136K, committed 17152K, reserved 1048576K
}
Event: 418.793 GC heap before
{Heap before GC invocations=86 (full 0):
 garbage-first heap   total 270336K, used 148346K [0x0000000080000000, 0x0000000100000000)
  region size 1024K, 13 young (13312K), 3 survivors (3072K)
 Metaspace       used 130173K, capacity 133548K, committed 133804K, reserved 1165312K
  class space    used 15947K, capacity 17136K, committed 17152K, reserved 1048576K
}
Event: 418.798 GC heap after
{Heap after GC invocations=87 (full 0):
 garbage-first heap   total 270336K, used 134010K [0x0000000080000000, 0x0000000100000000)
  region size 1024K, 1 young (1024K), 1 survivors (1024K)
 Metaspace       used 130173K, capacity 133548K, committed 133804K, reserved 1165312K
  class space    used 15947K, capacity 17136K, committed 17152K, reserved 1048576K
}
Event: 419.244 GC heap before
{Heap before GC invocations=87 (full 0):
 garbage-first heap   total 270336K, used 215930K [0x0000000080000000, 0x0000000100000000)
  region size 1024K, 80 young (81920K), 1 survivors (1024K)
 Metaspace       used 131303K, capacity 134706K, committed 134828K, reserved 1167360K
  class space    used 16078K, capacity 17293K, committed 17408K, reserved 1048576K
}
Event: 419.252 GC heap after
{Heap after GC invocations=88 (full 0):
 garbage-first heap   total 270336K, used 151742K [0x0000000080000000, 0x0000000100000000)
  region size 1024K, 10 young (10240K), 10 survivors (10240K)
 Metaspace       used 131303K, capacity 134706K, committed 134828K, reserved 1167360K
  class space    used 16078K, capacity 17293K, committed 17408K, reserved 1048576K
}
Event: 419.633 GC heap before
{Heap before GC invocations=88 (full 0):
 garbage-first heap   total 270336K, used 214206K [0x0000000080000000, 0x0000000100000000)
  region size 1024K, 72 young (73728K), 10 survivors (10240K)
 Metaspace       used 133902K, capacity 137473K, committed 137772K, reserved 1169408K
  class space    used 16442K, capacity 17714K, committed 17792K, reserved 1048576K
}
Event: 419.647 GC heap after
{Heap after GC invocations=89 (full 0):
 garbage-first heap   total 270336K, used 159710K [0x0000000080000000, 0x0000000100000000)
  region size 1024K, 9 young (9216K), 9 survivors (9216K)
 Metaspace       used 133902K, capacity 137473K, committed 137772K, reserved 1169408K
  class space    used 16442K, capacity 17714K, committed 17792K, reserved 1048576K
}
Event: 419.862 GC heap before
{Heap before GC invocations=89 (full 0):
 garbage-first heap   total 270336K, used 215006K [0x0000000080000000, 0x0000000100000000)
  region size 1024K, 64 young (65536K), 9 survivors (9216K)
 Metaspace       used 135056K, capacity 138729K, committed 139052K, reserved 1171456K
  class space    used 16642K, capacity 17941K, committed 18048K, reserved 1048576K
}
Event: 419.882 GC heap after
{Heap after GC invocations=90 (full 0):
 garbage-first heap   total 270336K, used 169135K [0x0000000080000000, 0x0000000100000000)
  region size 1024K, 8 young (8192K), 8 survivors (8192K)
 Metaspace       used 135056K, capacity 138729K, committed 139052K, reserved 1171456K
  class space    used 16642K, capacity 17941K, committed 18048K, reserved 1048576K
}
Event: 420.035 GC heap before
{Heap before GC invocations=90 (full 0):
 garbage-first heap   total 270336K, used 217263K [0x0000000080000000, 0x0000000100000000)
  region size 1024K, 56 young (57344K), 8 survivors (8192K)
 Metaspace       used 136444K, capacity 140193K, committed 140332K, reserved 1171456K
  class space    used 16889K, capacity 18262K, committed 18304K, reserved 1048576K
}
Event: 420.056 GC heap after
{Heap after GC invocations=91 (full 0):
 garbage-first heap   total 270336K, used 178176K [0x0000000080000000, 0x0000000100000000)
  region size 1024K, 7 young (7168K), 7 survivors (7168K)
 Metaspace       used 136444K, capacity 140193K, committed 140332K, reserved 1171456K
  class space    used 16889K, capacity 18262K, committed 18304K, reserved 1048576K
}
Event: 420.309 GC heap before
{Heap before GC invocations=91 (full 0):
 garbage-first heap   total 270336K, used 222208K [0x0000000080000000, 0x0000000100000000)
  region size 1024K, 50 young (51200K), 7 survivors (7168K)
 Metaspace       used 137689K, capacity 141482K, committed 141612K, reserved 1173504K
  class space    used 17112K, capacity 18495K, committed 18560K, reserved 1048576K
}
Event: 420.324 GC heap after
{Heap after GC invocations=92 (full 0):
 garbage-first heap   total 270336K, used 186262K [0x0000000080000000, 0x0000000100000000)
  region size 1024K, 7 young (7168K), 7 survivors (7168K)
 Metaspace       used 137689K, capacity 141482K, committed 141612K, reserved 1173504K
  class space    used 17112K, capacity 18495K, committed 18560K, reserved 1048576K
}
Event: 420.603 GC heap before
{Heap before GC invocations=92 (full 0):
 garbage-first heap   total 270336K, used 225174K [0x0000000080000000, 0x0000000100000000)
  region size 1024K, 45 young (46080K), 7 survivors (7168K)
 Metaspace       used 138550K, capacity 142380K, committed 142508K, reserved 1173504K
  class space    used 17202K, capacity 18593K, committed 18688K, reserved 1048576K
}

